<?xml version="1.0" encoding="utf-8"?><testsuites><testsuite name="pytest" errors="0" failures="1" skipped="0" tests="16" time="0.055" timestamp="2023-02-10T22:39:09.725042" hostname="dell"><testcase classname="tests.api.test_api" name="test_health_get" time="0.003" /><testcase classname="tests.api.test_api_sort" name="test_sort_incorrect_method" time="0.001" /><testcase classname="tests.api.test_api_sort" name="test_sort_incorrect_field_words" time="0.001" /><testcase classname="tests.api.test_api_sort" name="test_sort_incorrect_field_order" time="0.001" /><testcase classname="tests.api.test_api_sort" name="test_sort_incorrect_value_field_order" time="0.001" /><testcase classname="tests.api.test_api_sort" name="test_sort_ok" time="0.001" /><testcase classname="tests.api.test_api_vowel_count" name="test_count_vowels_incorrect_method" time="0.001" /><testcase classname="tests.api.test_api_vowel_count" name="test_count_vowels_incorrect_field" time="0.001" /><testcase classname="tests.api.test_api_vowel_count" name="test_count_vowels_ok" time="0.001" /><testcase classname="tests.unit.test_words" name="test_vowel_count_batman" time="0.001" /><testcase classname="tests.unit.test_words" name="test_vowel_count_robin" time="0.000" /><testcase classname="tests.unit.test_words" name="test_vowel_count_coringa" time="0.000" /><testcase classname="tests.unit.test_words" name="test_sort_asc" time="0.000" /><testcase classname="tests.unit.test_words" name="test_sort_desc" time="0.000" /><testcase classname="tests.unit.test_zz_fake" name="test_false" time="0.000"><failure message="assert False">def test_false():
&gt;         assert False
E         assert False

tests/unit/test_zz_fake.py:2: AssertionError</failure></testcase><testcase classname="tests.unit.test_zz_fake" name="test_true" time="0.000" /></testsuite></testsuites>